2024-05-03 16:19:14 - INFO - Training arguments:
{
    "pretrain": false,
    "seed": 2023,
    "margin": 0.3,
    "dataset": "multiwoz",
    "training": true,
    "testing": false,
    "model_name_or_path": "facebook/bart-base",
    "continue_training_path": "./models/bart_pretrain",
    "model_save_path": "./models/bart_train_mixDemo",
    "force_del": true,
    "eval_only": false,
    "early_stop": true,
    "train_file_path": "/home/tnakirek/Demo-NSF/data/multiWOZ-new/train/train.txt",
    "dev_file_path": "/home/tnakirek/Demo-NSF/data/multiWOZ-new/valid/valid.txt",
    "test_file_path": "home/tnakirek/Demo-NSF/data/multiWOZ-new/test",
    "dropout": 0.1,
    "batch_size": 8,
    "eval_batch_size": 16,
    "num_epochs": 1,
    "learning_rate": 5e-05,
    "evaluation_steps": 500,
    "max_seq_length": 256,
    "num": 2,
    "decode_max_seq_length": 256,
    "gradient_clip": 1.0,
    "patience": null,
    "metric": "f1",
    "clean_train_path": null,
    "noise_train_path": null,
    "clean_dev_path": null,
    "noise_dev_path": null,
    "eval_loss": 0.2,
    "auxiliary_without_eval": false,
    "logging_file_path": "/models/bart_train_mixDemo",
    "add_demonstration": true,
    "demons_train_path": "/home/tnakirek/Demo-NSF/data/multiWOZ-new/train/mix_demons/equal_demons1.in",
    "demons_out_path": "/home/tnakirek/Demo-NSF/data/multiWOZ-new/train/mix_demons/equal_demons1.out",
    "demons_valid_path": "/home/tnakirek/Demo-NSF/data/multiWOZ-new/valid/mix_demons/equal_demons1.in",
    "demons_val_out_path": "/home/tnakirek/Demo-NSF/data/multiWOZ-new/valid/mix_demons/equal_demons1.out",
    "mask_output_path": null,
    "mask_input_path": null,
    "classify_output_path": null,
    "classify_input_path": null,
    "clean_path": null,
    "noise_path": null
}
2024-05-03 16:19:14 - INFO - Run experiments with random seed: 2023
2024-05-03 16:19:14 - INFO - Saved training command to file: ./models/bart_train_mixDemo/command.txt
2024-05-03 16:19:14 - INFO - Saved training arguments to file: ./models/bart_train_mixDemo/args.json
2024-05-03 16:19:18 - INFO - Reading train split from /home/tnakirek/Demo-NSF/data/multiWOZ-new/train/train.txt
2024-05-03 16:19:19 - INFO - Number of samples: total=56117
2024-05-03 16:19:19 - INFO - O=727044 (1295.59%)
2024-05-03 16:19:19 - INFO - B-area=10836 (19.31%)
2024-05-03 16:19:19 - INFO - B-type=8465 (15.08%)
2024-05-03 16:19:19 - INFO - B-name=5522 (9.84%)
2024-05-03 16:19:19 - INFO - I-name=7931 (14.13%)
2024-05-03 16:19:19 - INFO - I-area=1794 (3.20%)
2024-05-03 16:19:19 - INFO - I-type=529 (0.94%)
2024-05-03 16:19:19 - INFO - B-price=6393 (11.39%)
2024-05-03 16:19:19 - INFO - B-people=11137 (19.85%)
2024-05-03 16:19:19 - INFO - B-stay=4969 (8.85%)
2024-05-03 16:19:19 - INFO - B-day=14055 (25.05%)
2024-05-03 16:19:19 - INFO - B-stars=3769 (6.72%)
2024-05-03 16:19:19 - INFO - I-people=687 (1.22%)
2024-05-03 16:19:19 - INFO - I-price=936 (1.67%)
2024-05-03 16:19:19 - INFO - I-day=489 (0.87%)
2024-05-03 16:19:19 - INFO - B-food=5274 (9.40%)
2024-05-03 16:19:19 - INFO - B-time=4443 (7.92%)
2024-05-03 16:19:19 - INFO - I-food=894 (1.59%)
2024-05-03 16:19:19 - INFO - I-time=5 (0.01%)
2024-05-03 16:19:19 - INFO - B-dest=5826 (10.38%)
2024-05-03 16:19:19 - INFO - B-arrive=3194 (5.69%)
2024-05-03 16:19:19 - INFO - B-depart=5724 (10.20%)
2024-05-03 16:19:19 - INFO - I-depart=2095 (3.73%)
2024-05-03 16:19:19 - INFO - B-leave=3000 (5.35%)
2024-05-03 16:19:19 - INFO - I-dest=2072 (3.69%)
2024-05-03 16:19:19 - INFO - I-leave=251 (0.45%)
2024-05-03 16:19:19 - INFO - I-arrive=58 (0.10%)
2024-05-03 16:19:19 - INFO - Reading dev split from /home/tnakirek/Demo-NSF/data/multiWOZ-new/valid/valid.txt
2024-05-03 16:19:19 - INFO - Number of samples: total=5000
2024-05-03 16:19:19 - INFO - O=63925 (1278.50%)
2024-05-03 16:19:19 - INFO - B-leave=287 (5.74%)
2024-05-03 16:19:19 - INFO - B-dest=584 (11.68%)
2024-05-03 16:19:19 - INFO - B-people=1001 (20.02%)
2024-05-03 16:19:19 - INFO - B-stay=418 (8.36%)
2024-05-03 16:19:19 - INFO - B-day=1263 (25.26%)
2024-05-03 16:19:19 - INFO - I-leave=20 (0.40%)
2024-05-03 16:19:19 - INFO - B-price=523 (10.46%)
2024-05-03 16:19:19 - INFO - B-area=873 (17.46%)
2024-05-03 16:19:19 - INFO - I-area=140 (2.80%)
2024-05-03 16:19:19 - INFO - B-depart=573 (11.46%)
2024-05-03 16:19:19 - INFO - B-stars=299 (5.98%)
2024-05-03 16:19:19 - INFO - B-type=686 (13.72%)
2024-05-03 16:19:19 - INFO - B-name=532 (10.64%)
2024-05-03 16:19:19 - INFO - I-name=822 (16.44%)
2024-05-03 16:19:19 - INFO - B-food=429 (8.58%)
2024-05-03 16:19:19 - INFO - B-time=398 (7.96%)
2024-05-03 16:19:19 - INFO - I-day=57 (1.14%)
2024-05-03 16:19:19 - INFO - B-arrive=332 (6.64%)
2024-05-03 16:19:19 - INFO - I-depart=239 (4.78%)
2024-05-03 16:19:19 - INFO - I-people=81 (1.62%)
2024-05-03 16:19:19 - INFO - I-dest=211 (4.22%)
2024-05-03 16:19:19 - INFO - I-type=41 (0.82%)
2024-05-03 16:19:19 - INFO - I-food=69 (1.38%)
2024-05-03 16:19:19 - INFO - I-price=66 (1.32%)
2024-05-03 16:19:19 - INFO - I-arrive=2 (0.04%)
2024-05-03 16:19:19 - INFO - Start training, number of epochs: 1
2024-05-03 16:19:19 - INFO - Training start for epoch 0
2024-05-03 16:19:19 - INFO - Total number of batches: 7015
2024-05-03 16:19:53 - INFO - Evaluating on dev dataset at step 498 in epoch 0 (global step: 499)...
2024-05-03 16:20:45 - INFO - Dev Results: precision = 0.3272
2024-05-03 16:20:45 - INFO - Dev Results: recall = 0.2115
2024-05-03 16:20:45 - INFO - Dev Results: f1 = 0.2569
2024-05-03 16:20:45 - INFO - Dev Results: span_precision = 0.5013
2024-05-03 16:20:45 - INFO - Dev Results: span_recall = 0.3259
2024-05-03 16:20:45 - INFO - Dev Results: span_f1 = 0.3950
2024-05-03 16:20:45 - INFO - Dev Results: exact_match = 0.1900
2024-05-03 16:20:45 - INFO - Best performance achieved, epoch=0, save model to ./models/bart_train_mixDemo/pytorch_model.bin
2024-05-03 16:21:21 - INFO - Evaluating on dev dataset at step 998 in epoch 0 (global step: 999)...
2024-05-03 16:22:27 - INFO - Dev Results: precision = 0.6589
2024-05-03 16:22:27 - INFO - Dev Results: recall = 0.5810
2024-05-03 16:22:27 - INFO - Dev Results: f1 = 0.6175
2024-05-03 16:22:27 - INFO - Dev Results: span_precision = 0.8265
2024-05-03 16:22:27 - INFO - Dev Results: span_recall = 0.7291
2024-05-03 16:22:27 - INFO - Dev Results: span_f1 = 0.7748
2024-05-03 16:22:27 - INFO - Dev Results: exact_match = 0.4476
2024-05-03 16:22:27 - INFO - Best performance achieved, epoch=0, save model to ./models/bart_train_mixDemo/pytorch_model.bin
2024-05-03 16:23:05 - INFO - Evaluating on dev dataset at step 1498 in epoch 0 (global step: 1499)...
2024-05-03 16:24:15 - INFO - Dev Results: precision = 0.6668
2024-05-03 16:24:15 - INFO - Dev Results: recall = 0.6082
2024-05-03 16:24:15 - INFO - Dev Results: f1 = 0.6362
2024-05-03 16:24:15 - INFO - Dev Results: span_precision = 0.7752
2024-05-03 16:24:15 - INFO - Dev Results: span_recall = 0.7069
2024-05-03 16:24:15 - INFO - Dev Results: span_f1 = 0.7395
2024-05-03 16:24:15 - INFO - Dev Results: exact_match = 0.4398
2024-05-03 16:24:15 - INFO - Best performance achieved, epoch=0, save model to ./models/bart_train_mixDemo/pytorch_model.bin
2024-05-03 16:24:53 - INFO - Evaluating on dev dataset at step 1998 in epoch 0 (global step: 1999)...
2024-05-03 16:26:02 - INFO - Dev Results: precision = 0.6649
2024-05-03 16:26:02 - INFO - Dev Results: recall = 0.6088
2024-05-03 16:26:02 - INFO - Dev Results: f1 = 0.6356
2024-05-03 16:26:02 - INFO - Dev Results: span_precision = 0.7644
2024-05-03 16:26:02 - INFO - Dev Results: span_recall = 0.6982
2024-05-03 16:26:02 - INFO - Dev Results: span_f1 = 0.7298
2024-05-03 16:26:02 - INFO - Dev Results: exact_match = 0.4292
2024-05-03 16:26:39 - INFO - Evaluating on dev dataset at step 2498 in epoch 0 (global step: 2499)...
2024-05-03 16:27:44 - INFO - Dev Results: precision = 0.7115
2024-05-03 16:27:44 - INFO - Dev Results: recall = 0.6060
2024-05-03 16:27:44 - INFO - Dev Results: f1 = 0.6545
2024-05-03 16:27:44 - INFO - Dev Results: span_precision = 0.7961
2024-05-03 16:27:44 - INFO - Dev Results: span_recall = 0.6779
2024-05-03 16:27:44 - INFO - Dev Results: span_f1 = 0.7322
2024-05-03 16:27:44 - INFO - Dev Results: exact_match = 0.4382
2024-05-03 16:27:44 - INFO - Best performance achieved, epoch=0, save model to ./models/bart_train_mixDemo/pytorch_model.bin
2024-05-03 16:28:22 - INFO - Evaluating on dev dataset at step 2998 in epoch 0 (global step: 2999)...
2024-05-03 16:29:37 - INFO - Dev Results: precision = 0.6677
2024-05-03 16:29:37 - INFO - Dev Results: recall = 0.6515
2024-05-03 16:29:37 - INFO - Dev Results: f1 = 0.6595
2024-05-03 16:29:37 - INFO - Dev Results: span_precision = 0.8980
2024-05-03 16:29:37 - INFO - Dev Results: span_recall = 0.8754
2024-05-03 16:29:37 - INFO - Dev Results: span_f1 = 0.8865
2024-05-03 16:29:37 - INFO - Dev Results: exact_match = 0.5034
2024-05-03 16:29:37 - INFO - Best performance achieved, epoch=0, save model to ./models/bart_train_mixDemo/pytorch_model.bin
2024-05-03 16:30:15 - INFO - Evaluating on dev dataset at step 3498 in epoch 0 (global step: 3499)...
2024-05-03 16:31:30 - INFO - Dev Results: precision = 0.6750
2024-05-03 16:31:30 - INFO - Dev Results: recall = 0.6567
2024-05-03 16:31:30 - INFO - Dev Results: f1 = 0.6658
2024-05-03 16:31:30 - INFO - Dev Results: span_precision = 0.8969
2024-05-03 16:31:30 - INFO - Dev Results: span_recall = 0.8731
2024-05-03 16:31:30 - INFO - Dev Results: span_f1 = 0.8849
2024-05-03 16:31:30 - INFO - Dev Results: exact_match = 0.5058
2024-05-03 16:31:30 - INFO - Best performance achieved, epoch=0, save model to ./models/bart_train_mixDemo/pytorch_model.bin
2024-05-03 16:32:09 - INFO - Evaluating on dev dataset at step 3998 in epoch 0 (global step: 3999)...
2024-05-03 16:33:23 - INFO - Dev Results: precision = 0.6530
2024-05-03 16:33:23 - INFO - Dev Results: recall = 0.6302
2024-05-03 16:33:23 - INFO - Dev Results: f1 = 0.6414
2024-05-03 16:33:23 - INFO - Dev Results: span_precision = 0.9070
2024-05-03 16:33:23 - INFO - Dev Results: span_recall = 0.8755
2024-05-03 16:33:23 - INFO - Dev Results: span_f1 = 0.8910
2024-05-03 16:33:23 - INFO - Dev Results: exact_match = 0.4752
2024-05-03 16:34:00 - INFO - Evaluating on dev dataset at step 4498 in epoch 0 (global step: 4499)...
2024-05-03 16:35:17 - INFO - Dev Results: precision = 0.6908
2024-05-03 16:35:17 - INFO - Dev Results: recall = 0.7120
2024-05-03 16:35:17 - INFO - Dev Results: f1 = 0.7012
2024-05-03 16:35:17 - INFO - Dev Results: span_precision = 0.8990
2024-05-03 16:35:17 - INFO - Dev Results: span_recall = 0.9274
2024-05-03 16:35:17 - INFO - Dev Results: span_f1 = 0.9130
2024-05-03 16:35:17 - INFO - Dev Results: exact_match = 0.5164
2024-05-03 16:35:17 - INFO - Best performance achieved, epoch=0, save model to ./models/bart_train_mixDemo/pytorch_model.bin
2024-05-03 16:35:55 - INFO - Evaluating on dev dataset at step 4998 in epoch 0 (global step: 4999)...
2024-05-03 16:37:12 - INFO - Dev Results: precision = 0.4997
2024-05-03 16:37:12 - INFO - Dev Results: recall = 0.5155
2024-05-03 16:37:12 - INFO - Dev Results: f1 = 0.5075
2024-05-03 16:37:12 - INFO - Dev Results: span_precision = 0.8962
2024-05-03 16:37:12 - INFO - Dev Results: span_recall = 0.9247
2024-05-03 16:37:12 - INFO - Dev Results: span_f1 = 0.9102
2024-05-03 16:37:12 - INFO - Dev Results: exact_match = 0.3132
2024-05-03 16:37:49 - INFO - Evaluating on dev dataset at step 5498 in epoch 0 (global step: 5499)...
2024-05-03 16:39:04 - INFO - Dev Results: precision = 0.5288
2024-05-03 16:39:04 - INFO - Dev Results: recall = 0.5229
2024-05-03 16:39:04 - INFO - Dev Results: f1 = 0.5259
2024-05-03 16:39:04 - INFO - Dev Results: span_precision = 0.9045
2024-05-03 16:39:04 - INFO - Dev Results: span_recall = 0.8952
2024-05-03 16:39:04 - INFO - Dev Results: span_f1 = 0.8998
2024-05-03 16:39:04 - INFO - Dev Results: exact_match = 0.3330
2024-05-03 16:39:41 - INFO - Evaluating on dev dataset at step 5998 in epoch 0 (global step: 5999)...
2024-05-03 16:41:00 - INFO - Dev Results: precision = 0.8914
2024-05-03 16:41:00 - INFO - Dev Results: recall = 0.9288
2024-05-03 16:41:00 - INFO - Dev Results: f1 = 0.9097
2024-05-03 16:41:00 - INFO - Dev Results: span_precision = 0.9070
2024-05-03 16:41:00 - INFO - Dev Results: span_recall = 0.9452
2024-05-03 16:41:00 - INFO - Dev Results: span_f1 = 0.9257
2024-05-03 16:41:00 - INFO - Dev Results: exact_match = 0.8020
2024-05-03 16:41:00 - INFO - Best performance achieved, epoch=0, save model to ./models/bart_train_mixDemo/pytorch_model.bin
2024-05-03 16:41:38 - INFO - Evaluating on dev dataset at step 6498 in epoch 0 (global step: 6499)...
2024-05-03 16:42:57 - INFO - Dev Results: precision = 0.9010
2024-05-03 16:42:57 - INFO - Dev Results: recall = 0.9436
2024-05-03 16:42:57 - INFO - Dev Results: f1 = 0.9218
2024-05-03 16:42:57 - INFO - Dev Results: span_precision = 0.9147
2024-05-03 16:42:57 - INFO - Dev Results: span_recall = 0.9582
2024-05-03 16:42:57 - INFO - Dev Results: span_f1 = 0.9360
2024-05-03 16:42:57 - INFO - Dev Results: exact_match = 0.8262
2024-05-03 16:42:57 - INFO - Best performance achieved, epoch=0, save model to ./models/bart_train_mixDemo/pytorch_model.bin
2024-05-03 16:43:35 - INFO - Evaluating on dev dataset at step 6998 in epoch 0 (global step: 6999)...
2024-05-03 16:44:53 - INFO - Dev Results: precision = 0.8952
2024-05-03 16:44:53 - INFO - Dev Results: recall = 0.9447
2024-05-03 16:44:53 - INFO - Dev Results: f1 = 0.9193
2024-05-03 16:44:53 - INFO - Dev Results: span_precision = 0.9172
2024-05-03 16:44:53 - INFO - Dev Results: span_recall = 0.9681
2024-05-03 16:44:53 - INFO - Dev Results: span_f1 = 0.9420
2024-05-03 16:44:53 - INFO - Dev Results: exact_match = 0.8268
2024-05-03 17:15:04 - INFO - Run experiments with random seed: 2023
2024-05-03 17:15:07 - INFO - Evaluation on clean test dataset...
2024-05-03 17:15:07 - INFO - Reading clean split from /home/tnakirek/Demo-NSF/data/multiWOZ-new/test/clean_test/test.txt
2024-05-03 17:15:07 - INFO - Number of samples: total=306
2024-05-03 17:15:07 - INFO - O=2574 (841.18%)
2024-05-03 17:15:07 - INFO - B-day=109 (35.62%)
2024-05-03 17:15:07 - INFO - B-arrive=48 (15.69%)
2024-05-03 17:15:07 - INFO - B-depart=109 (35.62%)
2024-05-03 17:15:07 - INFO - B-people=30 (9.80%)
2024-05-03 17:15:07 - INFO - I-depart=45 (14.71%)
2024-05-03 17:15:07 - INFO - B-leave=59 (19.28%)
2024-05-03 17:15:07 - INFO - B-dest=114 (37.25%)
2024-05-03 17:15:07 - INFO - I-dest=49 (16.01%)
2024-05-03 17:15:07 - INFO - I-leave=3 (0.98%)
2024-05-03 17:15:12 - INFO - Clean test Results: precision = 0.9259
2024-05-03 17:15:12 - INFO - Clean test Results: recall = 0.9595
2024-05-03 17:15:12 - INFO - Clean test Results: f1 = 0.9424
2024-05-03 17:15:12 - INFO - Clean test Results: span_precision = 0.9465
2024-05-03 17:15:12 - INFO - Clean test Results: span_recall = 0.9808
2024-05-03 17:15:12 - INFO - Clean test Results: span_f1 = 0.9634
2024-05-03 17:15:12 - INFO - Clean test Results: exact_match = 0.8889
2024-05-03 17:15:12 - INFO - Reading verbose split from /home/tnakirek/Demo-NSF/data/multiWOZ-new/test/verbose/test.txt
2024-05-03 17:15:12 - INFO - Number of samples: total=298
2024-05-03 17:15:12 - INFO - O=3710 (1244.97%)
2024-05-03 17:15:12 - INFO - B-day=104 (34.90%)
2024-05-03 17:15:12 - INFO - B-arrive=45 (15.10%)
2024-05-03 17:15:12 - INFO - B-depart=105 (35.23%)
2024-05-03 17:15:12 - INFO - B-people=31 (10.40%)
2024-05-03 17:15:12 - INFO - I-depart=42 (14.09%)
2024-05-03 17:15:12 - INFO - B-leave=54 (18.12%)
2024-05-03 17:15:12 - INFO - I-leave=14 (4.70%)
2024-05-03 17:15:12 - INFO - B-dest=109 (36.58%)
2024-05-03 17:15:12 - INFO - I-dest=48 (16.11%)
2024-05-03 17:15:12 - INFO - I-arrive=3 (1.01%)
2024-05-03 17:15:12 - INFO - Evaluation on verbose test dataset...
2024-05-03 17:15:16 - INFO - Verbose test Results: precision = 0.6781
2024-05-03 17:15:16 - INFO - Verbose test Results: recall = 0.8453
2024-05-03 17:15:16 - INFO - Verbose test Results: f1 = 0.7525
2024-05-03 17:15:16 - INFO - Verbose test Results: span_precision = 0.7338
2024-05-03 17:15:16 - INFO - Verbose test Results: span_recall = 0.9148
2024-05-03 17:15:16 - INFO - Verbose test Results: span_f1 = 0.8144
2024-05-03 17:15:16 - INFO - Verbose test Results: exact_match = 0.5503
2024-05-03 17:15:16 - INFO - Reading paraphrase split from /home/tnakirek/Demo-NSF/data/multiWOZ-new/test/paraphrase/test.txt
2024-05-03 17:15:16 - INFO - Number of samples: total=306
2024-05-03 17:15:16 - INFO - O=2280 (745.10%)
2024-05-03 17:15:16 - INFO - B-day=107 (34.97%)
2024-05-03 17:15:16 - INFO - B-arrive=47 (15.36%)
2024-05-03 17:15:16 - INFO - B-depart=108 (35.29%)
2024-05-03 17:15:16 - INFO - B-people=29 (9.48%)
2024-05-03 17:15:16 - INFO - I-depart=38 (12.42%)
2024-05-03 17:15:16 - INFO - B-leave=55 (17.97%)
2024-05-03 17:15:16 - INFO - B-dest=109 (35.62%)
2024-05-03 17:15:16 - INFO - I-dest=45 (14.71%)
2024-05-03 17:15:16 - INFO - I-leave=6 (1.96%)
2024-05-03 17:15:16 - INFO - Evaluation on paraphrase test dataset...
2024-05-03 17:15:20 - INFO - Paraphrase test Results: precision = 0.8189
2024-05-03 17:15:20 - INFO - Paraphrase test Results: recall = 0.8549
2024-05-03 17:15:20 - INFO - Paraphrase test Results: f1 = 0.8366
2024-05-03 17:15:20 - INFO - Paraphrase test Results: span_precision = 0.8716
2024-05-03 17:15:20 - INFO - Paraphrase test Results: span_recall = 0.9099
2024-05-03 17:15:20 - INFO - Paraphrase test Results: span_f1 = 0.8903
2024-05-03 17:15:20 - INFO - Paraphrase test Results: exact_match = 0.7451
2024-05-03 17:15:20 - INFO - Reading typos split from /home/tnakirek/Demo-NSF/data/multiWOZ-new/test/typos/test.txt
2024-05-03 17:15:20 - INFO - Number of samples: total=301
2024-05-03 17:15:20 - INFO - O=2160 (717.61%)
2024-05-03 17:15:20 - INFO - B-day=102 (33.89%)
2024-05-03 17:15:20 - INFO - B-arrive=45 (14.95%)
2024-05-03 17:15:20 - INFO - B-depart=107 (35.55%)
2024-05-03 17:15:20 - INFO - B-people=33 (10.96%)
2024-05-03 17:15:20 - INFO - I-depart=41 (13.62%)
2024-05-03 17:15:20 - INFO - B-leave=53 (17.61%)
2024-05-03 17:15:20 - INFO - B-dest=108 (35.88%)
2024-05-03 17:15:20 - INFO - I-dest=39 (12.96%)
2024-05-03 17:15:20 - INFO - I-leave=3 (1.00%)
2024-05-03 17:15:20 - INFO - Evaluation on typos test dataset...
2024-05-03 17:15:24 - INFO - Typos test Results: precision = 0.4936
2024-05-03 17:15:24 - INFO - Typos test Results: recall = 0.5179
2024-05-03 17:15:24 - INFO - Typos test Results: f1 = 0.5054
2024-05-03 17:15:24 - INFO - Typos test Results: span_precision = 0.5910
2024-05-03 17:15:24 - INFO - Typos test Results: span_recall = 0.6161
2024-05-03 17:15:24 - INFO - Typos test Results: span_f1 = 0.6033
2024-05-03 17:15:24 - INFO - Typos test Results: exact_match = 0.3654
2024-05-03 17:15:24 - INFO - Reading simplify split from /home/tnakirek/Demo-NSF/data/multiWOZ-new/test/simplify/test.txt
2024-05-03 17:15:24 - INFO - Number of samples: total=298
2024-05-03 17:15:24 - INFO - O=1221 (409.73%)
2024-05-03 17:15:24 - INFO - B-day=101 (33.89%)
2024-05-03 17:15:24 - INFO - B-arrive=43 (14.43%)
2024-05-03 17:15:24 - INFO - B-depart=102 (34.23%)
2024-05-03 17:15:24 - INFO - B-people=30 (10.07%)
2024-05-03 17:15:24 - INFO - I-depart=35 (11.74%)
2024-05-03 17:15:24 - INFO - B-leave=53 (17.79%)
2024-05-03 17:15:24 - INFO - B-dest=104 (34.90%)
2024-05-03 17:15:24 - INFO - I-dest=37 (12.42%)
2024-05-03 17:15:24 - INFO - I-leave=5 (1.68%)
2024-05-03 17:15:24 - INFO - Evaluation on simplify test dataset...
2024-05-03 17:15:27 - INFO - Simplify test Results: precision = 0.8049
2024-05-03 17:15:27 - INFO - Simplify test Results: recall = 0.8291
2024-05-03 17:15:27 - INFO - Simplify test Results: f1 = 0.8168
2024-05-03 17:15:27 - INFO - Simplify test Results: span_precision = 0.8924
2024-05-03 17:15:27 - INFO - Simplify test Results: span_recall = 0.9192
2024-05-03 17:15:27 - INFO - Simplify test Results: span_f1 = 0.9056
2024-05-03 17:15:27 - INFO - Simplify test Results: exact_match = 0.7181
2024-05-03 17:15:27 - INFO - Reading speech split from /home/tnakirek/Demo-NSF/data/multiWOZ-new/test/speech/test.txt
2024-05-03 17:15:27 - INFO - Number of samples: total=307
2024-05-03 17:15:27 - INFO - O=2388 (777.85%)
2024-05-03 17:15:27 - INFO - B-day=107 (34.85%)
2024-05-03 17:15:27 - INFO - B-arrive=50 (16.29%)
2024-05-03 17:15:27 - INFO - I-arrive=55 (17.92%)
2024-05-03 17:15:27 - INFO - B-depart=108 (35.18%)
2024-05-03 17:15:27 - INFO - I-depart=56 (18.24%)
2024-05-03 17:15:27 - INFO - B-people=30 (9.77%)
2024-05-03 17:15:27 - INFO - B-leave=59 (19.22%)
2024-05-03 17:15:27 - INFO - I-leave=68 (22.15%)
2024-05-03 17:15:27 - INFO - B-dest=115 (37.46%)
2024-05-03 17:15:27 - INFO - I-dest=62 (20.20%)
2024-05-03 17:15:27 - INFO - Evaluation on speech test dataset...
2024-05-03 17:15:31 - INFO - Speech test Results: precision = 0.7976
2024-05-03 17:15:31 - INFO - Speech test Results: recall = 0.7143
2024-05-03 17:15:31 - INFO - Speech test Results: f1 = 0.7537
2024-05-03 17:15:31 - INFO - Speech test Results: span_precision = 0.8167
2024-05-03 17:15:31 - INFO - Speech test Results: span_recall = 0.7313
2024-05-03 17:15:31 - INFO - Speech test Results: span_f1 = 0.7717
2024-05-03 17:15:31 - INFO - Speech test Results: exact_match = 0.5570
2024-05-03 17:15:31 - INFO - Reading negation split from /home/tnakirek/Demo-NSF/data/multiWOZ-new/test/negation/test.txt
2024-05-03 17:15:31 - INFO - Number of samples: total=183
2024-05-03 17:15:31 - INFO - O=1830 (1000.00%)
2024-05-03 17:15:31 - INFO - B-dest=67 (36.61%)
2024-05-03 17:15:31 - INFO - B-leave=38 (20.77%)
2024-05-03 17:15:31 - INFO - I-leave=2 (1.09%)
2024-05-03 17:15:31 - INFO - B-day=67 (36.61%)
2024-05-03 17:15:31 - INFO - B-depart=70 (38.25%)
2024-05-03 17:15:31 - INFO - I-depart=29 (15.85%)
2024-05-03 17:15:31 - INFO - B-people=12 (6.56%)
2024-05-03 17:15:31 - INFO - I-dest=32 (17.49%)
2024-05-03 17:15:31 - INFO - B-arrive=28 (15.30%)
2024-05-03 17:15:31 - INFO - Evaluation on negation test dataset...
2024-05-03 17:15:33 - INFO - Negation test Results: precision = 0.9349
2024-05-03 17:15:33 - INFO - Negation test Results: recall = 0.9681
2024-05-03 17:15:33 - INFO - Negation test Results: f1 = 0.9512
2024-05-03 17:15:33 - INFO - Negation test Results: span_precision = 0.9452
2024-05-03 17:15:33 - INFO - Negation test Results: span_recall = 0.9787
2024-05-03 17:15:33 - INFO - Negation test Results: span_f1 = 0.9617
2024-05-03 17:15:33 - INFO - Negation test Results: exact_match = 0.9016
2024-05-03 17:15:33 - INFO - Reading contraction split from /home/tnakirek/Demo-NSF/data/multiWOZ-new/test/contractions/test.txt
2024-05-03 17:15:33 - INFO - Number of samples: total=111
2024-05-03 17:15:33 - INFO - O=995 (896.40%)
2024-05-03 17:15:33 - INFO - B-depart=43 (38.74%)
2024-05-03 17:15:33 - INFO - I-depart=18 (16.22%)
2024-05-03 17:15:33 - INFO - B-leave=27 (24.32%)
2024-05-03 17:15:33 - INFO - B-dest=31 (27.93%)
2024-05-03 17:15:33 - INFO - B-day=48 (43.24%)
2024-05-03 17:15:33 - INFO - B-people=5 (4.50%)
2024-05-03 17:15:33 - INFO - I-dest=14 (12.61%)
2024-05-03 17:15:33 - INFO - B-arrive=17 (15.32%)
2024-05-03 17:15:33 - INFO - I-leave=2 (1.80%)
2024-05-03 17:15:33 - INFO - Evaluation on contraction test dataset...
2024-05-03 17:15:35 - INFO - Contraction test Results: precision = 0.9000
2024-05-03 17:15:35 - INFO - Contraction test Results: recall = 0.9474
2024-05-03 17:15:35 - INFO - Contraction test Results: f1 = 0.9231
2024-05-03 17:15:35 - INFO - Contraction test Results: span_precision = 0.9111
2024-05-03 17:15:35 - INFO - Contraction test Results: span_recall = 0.9591
2024-05-03 17:15:35 - INFO - Contraction test Results: span_f1 = 0.9345
2024-05-03 17:15:35 - INFO - Contraction test Results: exact_match = 0.8378
2024-05-03 17:15:35 - INFO - Reading expansion split from /home/tnakirek/Demo-NSF/data/multiWOZ-new/test/expansions/test.txt
2024-05-03 17:15:35 - INFO - Number of samples: total=50
2024-05-03 17:15:35 - INFO - O=437 (874.00%)
2024-05-03 17:15:35 - INFO - B-day=18 (36.00%)
2024-05-03 17:15:35 - INFO - B-arrive=6 (12.00%)
2024-05-03 17:15:35 - INFO - B-depart=24 (48.00%)
2024-05-03 17:15:35 - INFO - B-leave=8 (16.00%)
2024-05-03 17:15:35 - INFO - B-dest=27 (54.00%)
2024-05-03 17:15:35 - INFO - I-dest=13 (26.00%)
2024-05-03 17:15:35 - INFO - I-depart=10 (20.00%)
2024-05-03 17:15:35 - INFO - Evaluation on expansion test dataset...
2024-05-03 17:15:36 - INFO - expansion test Results: precision = 0.9880
2024-05-03 17:15:36 - INFO - expansion test Results: recall = 0.9880
2024-05-03 17:15:36 - INFO - expansion test Results: f1 = 0.9880
2024-05-03 17:15:36 - INFO - expansion test Results: span_precision = 1.0000
2024-05-03 17:15:36 - INFO - expansion test Results: span_recall = 1.0000
2024-05-03 17:15:36 - INFO - expansion test Results: span_f1 = 1.0000
2024-05-03 17:15:36 - INFO - expansion test Results: exact_match = 0.9800
2024-05-03 21:58:29 - INFO - Run experiments with random seed: 2023
2024-05-03 21:58:31 - INFO - Evaluation on clean test dataset...
2024-05-03 21:58:31 - INFO - Reading clean split from /home/tnakirek/Demo-NSF/data/multiWOZ-new/test/clean_test/test.txt
2024-05-03 21:58:31 - INFO - Number of samples: total=306
2024-05-03 21:58:31 - INFO - O=2574 (841.18%)
2024-05-03 21:58:31 - INFO - B-day=109 (35.62%)
2024-05-03 21:58:31 - INFO - B-arrive=48 (15.69%)
2024-05-03 21:58:31 - INFO - B-depart=109 (35.62%)
2024-05-03 21:58:31 - INFO - B-people=30 (9.80%)
2024-05-03 21:58:31 - INFO - I-depart=45 (14.71%)
2024-05-03 21:58:31 - INFO - B-leave=59 (19.28%)
2024-05-03 21:58:31 - INFO - B-dest=114 (37.25%)
2024-05-03 21:58:31 - INFO - I-dest=49 (16.01%)
2024-05-03 21:58:31 - INFO - I-leave=3 (0.98%)
2024-05-03 21:58:36 - INFO - Clean test Results: precision = 0.9259
2024-05-03 21:58:36 - INFO - Clean test Results: recall = 0.9595
2024-05-03 21:58:36 - INFO - Clean test Results: f1 = 0.9424
2024-05-03 21:58:36 - INFO - Clean test Results: span_precision = 0.9465
2024-05-03 21:58:36 - INFO - Clean test Results: span_recall = 0.9808
2024-05-03 21:58:36 - INFO - Clean test Results: span_f1 = 0.9634
2024-05-03 21:58:36 - INFO - Clean test Results: exact_match = 0.8889
2024-05-03 21:58:36 - INFO - Reading verbose split from /home/tnakirek/Demo-NSF/data/multiWOZ-new/test/verbose/test.txt
2024-05-03 21:58:36 - INFO - Number of samples: total=298
2024-05-03 21:58:36 - INFO - O=3710 (1244.97%)
2024-05-03 21:58:36 - INFO - B-day=104 (34.90%)
2024-05-03 21:58:36 - INFO - B-arrive=45 (15.10%)
2024-05-03 21:58:36 - INFO - B-depart=105 (35.23%)
2024-05-03 21:58:36 - INFO - B-people=31 (10.40%)
2024-05-03 21:58:36 - INFO - I-depart=42 (14.09%)
2024-05-03 21:58:36 - INFO - B-leave=54 (18.12%)
2024-05-03 21:58:36 - INFO - I-leave=14 (4.70%)
2024-05-03 21:58:36 - INFO - B-dest=109 (36.58%)
2024-05-03 21:58:36 - INFO - I-dest=48 (16.11%)
2024-05-03 21:58:36 - INFO - I-arrive=3 (1.01%)
2024-05-03 21:58:36 - INFO - Evaluation on verbose test dataset...
2024-05-03 21:58:40 - INFO - Verbose test Results: precision = 0.6781
2024-05-03 21:58:40 - INFO - Verbose test Results: recall = 0.8453
2024-05-03 21:58:40 - INFO - Verbose test Results: f1 = 0.7525
2024-05-03 21:58:40 - INFO - Verbose test Results: span_precision = 0.7338
2024-05-03 21:58:40 - INFO - Verbose test Results: span_recall = 0.9148
2024-05-03 21:58:40 - INFO - Verbose test Results: span_f1 = 0.8144
2024-05-03 21:58:40 - INFO - Verbose test Results: exact_match = 0.5503
2024-05-03 21:58:40 - INFO - Reading paraphrase split from /home/tnakirek/Demo-NSF/data/multiWOZ-new/test/paraphrase/test.txt
2024-05-03 21:58:40 - INFO - Number of samples: total=306
2024-05-03 21:58:40 - INFO - O=2280 (745.10%)
2024-05-03 21:58:40 - INFO - B-day=107 (34.97%)
2024-05-03 21:58:40 - INFO - B-arrive=47 (15.36%)
2024-05-03 21:58:40 - INFO - B-depart=108 (35.29%)
2024-05-03 21:58:40 - INFO - B-people=29 (9.48%)
2024-05-03 21:58:40 - INFO - I-depart=38 (12.42%)
2024-05-03 21:58:40 - INFO - B-leave=55 (17.97%)
2024-05-03 21:58:40 - INFO - B-dest=109 (35.62%)
2024-05-03 21:58:40 - INFO - I-dest=45 (14.71%)
2024-05-03 21:58:40 - INFO - I-leave=6 (1.96%)
2024-05-03 21:58:40 - INFO - Evaluation on paraphrase test dataset...
2024-05-03 21:58:44 - INFO - Paraphrase test Results: precision = 0.8189
2024-05-03 21:58:44 - INFO - Paraphrase test Results: recall = 0.8549
2024-05-03 21:58:44 - INFO - Paraphrase test Results: f1 = 0.8366
2024-05-03 21:58:44 - INFO - Paraphrase test Results: span_precision = 0.8716
2024-05-03 21:58:44 - INFO - Paraphrase test Results: span_recall = 0.9099
2024-05-03 21:58:44 - INFO - Paraphrase test Results: span_f1 = 0.8903
2024-05-03 21:58:44 - INFO - Paraphrase test Results: exact_match = 0.7451
2024-05-03 21:58:44 - INFO - Reading typos split from /home/tnakirek/Demo-NSF/data/multiWOZ-new/test/typos/test.txt
2024-05-03 21:58:44 - INFO - Number of samples: total=301
2024-05-03 21:58:44 - INFO - O=2160 (717.61%)
2024-05-03 21:58:44 - INFO - B-day=102 (33.89%)
2024-05-03 21:58:44 - INFO - B-arrive=45 (14.95%)
2024-05-03 21:58:44 - INFO - B-depart=107 (35.55%)
2024-05-03 21:58:44 - INFO - B-people=33 (10.96%)
2024-05-03 21:58:44 - INFO - I-depart=41 (13.62%)
2024-05-03 21:58:44 - INFO - B-leave=53 (17.61%)
2024-05-03 21:58:44 - INFO - B-dest=108 (35.88%)
2024-05-03 21:58:44 - INFO - I-dest=39 (12.96%)
2024-05-03 21:58:44 - INFO - I-leave=3 (1.00%)
2024-05-03 21:58:44 - INFO - Evaluation on typos test dataset...
2024-05-03 21:58:48 - INFO - Typos test Results: precision = 0.4936
2024-05-03 21:58:48 - INFO - Typos test Results: recall = 0.5179
2024-05-03 21:58:48 - INFO - Typos test Results: f1 = 0.5054
2024-05-03 21:58:48 - INFO - Typos test Results: span_precision = 0.5910
2024-05-03 21:58:48 - INFO - Typos test Results: span_recall = 0.6161
2024-05-03 21:58:48 - INFO - Typos test Results: span_f1 = 0.6033
2024-05-03 21:58:48 - INFO - Typos test Results: exact_match = 0.3654
2024-05-03 21:58:48 - INFO - Reading simplify split from /home/tnakirek/Demo-NSF/data/multiWOZ-new/test/simplify/test.txt
2024-05-03 21:58:48 - INFO - Number of samples: total=298
2024-05-03 21:58:48 - INFO - O=1221 (409.73%)
2024-05-03 21:58:48 - INFO - B-day=101 (33.89%)
2024-05-03 21:58:48 - INFO - B-arrive=43 (14.43%)
2024-05-03 21:58:48 - INFO - B-depart=102 (34.23%)
2024-05-03 21:58:48 - INFO - B-people=30 (10.07%)
2024-05-03 21:58:48 - INFO - I-depart=35 (11.74%)
2024-05-03 21:58:48 - INFO - B-leave=53 (17.79%)
2024-05-03 21:58:48 - INFO - B-dest=104 (34.90%)
2024-05-03 21:58:48 - INFO - I-dest=37 (12.42%)
2024-05-03 21:58:48 - INFO - I-leave=5 (1.68%)
2024-05-03 21:58:48 - INFO - Evaluation on simplify test dataset...
2024-05-03 21:58:51 - INFO - Simplify test Results: precision = 0.8049
2024-05-03 21:58:51 - INFO - Simplify test Results: recall = 0.8291
2024-05-03 21:58:51 - INFO - Simplify test Results: f1 = 0.8168
2024-05-03 21:58:51 - INFO - Simplify test Results: span_precision = 0.8924
2024-05-03 21:58:51 - INFO - Simplify test Results: span_recall = 0.9192
2024-05-03 21:58:51 - INFO - Simplify test Results: span_f1 = 0.9056
2024-05-03 21:58:51 - INFO - Simplify test Results: exact_match = 0.7181
2024-05-03 21:58:51 - INFO - Reading speech split from /home/tnakirek/Demo-NSF/data/multiWOZ-new/test/speech/test.txt
2024-05-03 21:58:51 - INFO - Number of samples: total=307
2024-05-03 21:58:51 - INFO - O=2388 (777.85%)
2024-05-03 21:58:51 - INFO - B-day=107 (34.85%)
2024-05-03 21:58:51 - INFO - B-arrive=50 (16.29%)
2024-05-03 21:58:51 - INFO - I-arrive=55 (17.92%)
2024-05-03 21:58:51 - INFO - B-depart=108 (35.18%)
2024-05-03 21:58:51 - INFO - I-depart=56 (18.24%)
2024-05-03 21:58:51 - INFO - B-people=30 (9.77%)
2024-05-03 21:58:51 - INFO - B-leave=59 (19.22%)
2024-05-03 21:58:51 - INFO - I-leave=68 (22.15%)
2024-05-03 21:58:51 - INFO - B-dest=115 (37.46%)
2024-05-03 21:58:51 - INFO - I-dest=62 (20.20%)
2024-05-03 21:58:51 - INFO - Evaluation on speech test dataset...
2024-05-03 21:58:55 - INFO - Speech test Results: precision = 0.7976
2024-05-03 21:58:55 - INFO - Speech test Results: recall = 0.7143
2024-05-03 21:58:55 - INFO - Speech test Results: f1 = 0.7537
2024-05-03 21:58:55 - INFO - Speech test Results: span_precision = 0.8167
2024-05-03 21:58:55 - INFO - Speech test Results: span_recall = 0.7313
2024-05-03 21:58:55 - INFO - Speech test Results: span_f1 = 0.7717
2024-05-03 21:58:55 - INFO - Speech test Results: exact_match = 0.5570
2024-05-03 21:58:55 - INFO - Reading negation split from /home/tnakirek/Demo-NSF/data/multiWOZ-new/test/negation/test.txt
2024-05-03 21:58:55 - INFO - Number of samples: total=183
2024-05-03 21:58:55 - INFO - O=1830 (1000.00%)
2024-05-03 21:58:55 - INFO - B-dest=67 (36.61%)
2024-05-03 21:58:55 - INFO - B-leave=38 (20.77%)
2024-05-03 21:58:55 - INFO - I-leave=2 (1.09%)
2024-05-03 21:58:55 - INFO - B-day=67 (36.61%)
2024-05-03 21:58:55 - INFO - B-depart=70 (38.25%)
2024-05-03 21:58:55 - INFO - I-depart=29 (15.85%)
2024-05-03 21:58:55 - INFO - B-people=12 (6.56%)
2024-05-03 21:58:55 - INFO - I-dest=32 (17.49%)
2024-05-03 21:58:55 - INFO - B-arrive=28 (15.30%)
2024-05-03 21:58:55 - INFO - Evaluation on negation test dataset...
2024-05-03 21:58:57 - INFO - Negation test Results: precision = 0.9349
2024-05-03 21:58:57 - INFO - Negation test Results: recall = 0.9681
2024-05-03 21:58:57 - INFO - Negation test Results: f1 = 0.9512
2024-05-03 21:58:57 - INFO - Negation test Results: span_precision = 0.9452
2024-05-03 21:58:57 - INFO - Negation test Results: span_recall = 0.9787
2024-05-03 21:58:57 - INFO - Negation test Results: span_f1 = 0.9617
2024-05-03 21:58:57 - INFO - Negation test Results: exact_match = 0.9016
2024-05-03 21:58:57 - INFO - Reading contraction split from /home/tnakirek/Demo-NSF/data/multiWOZ-new/test/contractions/test.txt
2024-05-03 21:58:57 - INFO - Number of samples: total=111
2024-05-03 21:58:57 - INFO - O=995 (896.40%)
2024-05-03 21:58:57 - INFO - B-depart=43 (38.74%)
2024-05-03 21:58:57 - INFO - I-depart=18 (16.22%)
2024-05-03 21:58:57 - INFO - B-leave=27 (24.32%)
2024-05-03 21:58:57 - INFO - B-dest=31 (27.93%)
2024-05-03 21:58:57 - INFO - B-day=48 (43.24%)
2024-05-03 21:58:57 - INFO - B-people=5 (4.50%)
2024-05-03 21:58:57 - INFO - I-dest=14 (12.61%)
2024-05-03 21:58:57 - INFO - B-arrive=17 (15.32%)
2024-05-03 21:58:57 - INFO - I-leave=2 (1.80%)
2024-05-03 21:58:57 - INFO - Evaluation on contraction test dataset...
2024-05-03 21:58:59 - INFO - Contraction test Results: precision = 0.9000
2024-05-03 21:58:59 - INFO - Contraction test Results: recall = 0.9474
2024-05-03 21:58:59 - INFO - Contraction test Results: f1 = 0.9231
2024-05-03 21:58:59 - INFO - Contraction test Results: span_precision = 0.9111
2024-05-03 21:58:59 - INFO - Contraction test Results: span_recall = 0.9591
2024-05-03 21:58:59 - INFO - Contraction test Results: span_f1 = 0.9345
2024-05-03 21:58:59 - INFO - Contraction test Results: exact_match = 0.8378
2024-05-03 21:58:59 - INFO - Reading expansion split from /home/tnakirek/Demo-NSF/data/multiWOZ-new/test/expansions/test.txt
2024-05-03 21:58:59 - INFO - Number of samples: total=50
2024-05-03 21:58:59 - INFO - O=437 (874.00%)
2024-05-03 21:58:59 - INFO - B-day=18 (36.00%)
2024-05-03 21:58:59 - INFO - B-arrive=6 (12.00%)
2024-05-03 21:58:59 - INFO - B-depart=24 (48.00%)
2024-05-03 21:58:59 - INFO - B-leave=8 (16.00%)
2024-05-03 21:58:59 - INFO - B-dest=27 (54.00%)
2024-05-03 21:58:59 - INFO - I-dest=13 (26.00%)
2024-05-03 21:58:59 - INFO - I-depart=10 (20.00%)
2024-05-03 21:58:59 - INFO - Evaluation on expansion test dataset...
2024-05-03 21:59:00 - INFO - expansion test Results: precision = 0.9880
2024-05-03 21:59:00 - INFO - expansion test Results: recall = 0.9880
2024-05-03 21:59:00 - INFO - expansion test Results: f1 = 0.9880
2024-05-03 21:59:00 - INFO - expansion test Results: span_precision = 1.0000
2024-05-03 21:59:00 - INFO - expansion test Results: span_recall = 1.0000
2024-05-03 21:59:00 - INFO - expansion test Results: span_f1 = 1.0000
2024-05-03 21:59:00 - INFO - expansion test Results: exact_match = 0.9800
